[25Dec2024 00:00:34.210] [Server thread/INFO] [net.minecraft.server.MinecraftServer/]: [ElFaxx: Teleported ElFaxx to -1203.500000, 137.500000, -1587.500000]
[25Dec2024 00:01:06.188] [Server thread/INFO] [net.minecraft.server.network.ServerGamePacketListenerImpl/]: Ax1no lost connection: Disconnected
[25Dec2024 00:01:06.188] [Server thread/INFO] [net.minecraft.server.MinecraftServer/]: Ax1no left the game
[25Dec2024 00:01:08.989] [Netty Epoll Server IO #1/WARN] [com.connectivity.Connectivity/]: Packet:ServerboundBlockEntityTagQuery  id 1 larger than expected error detected, printing packet and buffer. Stacktrace gets logged after this
[25Dec2024 00:01:08.991] [Netty Epoll Server IO #1/WARN] [com.connectivity.Connectivity/]: Packet data:
{
  "f_133798_": 1,
  "f_133799_": "BlockPos{x=6030336, y=836, z=1126448}"
}
[25Dec2024 00:01:08.991] [Netty Epoll Server IO #1/WARN] [com.connectivity.Connectivity/]: Packet:PooledUnsafeDirectByteBuf  id 1 data of 11 extra bytes: 
[25Dec2024 00:01:08.991] [Netty Epoll Server IO #1/WARN] [com.connectivity.Connectivity/]: Packet data:
[
  "<partial numeric data>",
  "[28, -64, 76, 100, -19, -93, 67, 54, -98, -93, 0]"
]
[25Dec2024 00:01:09.037] [Netty Epoll Server IO #4/WARN] [com.connectivity.Connectivity/]: Packet:ServerboundBlockEntityTagQuery  id 1 larger than expected error detected, printing packet and buffer. Stacktrace gets logged after this
[25Dec2024 00:01:09.038] [Netty Epoll Server IO #4/WARN] [com.connectivity.Connectivity/]: Packet data:
{
  "f_133798_": 1,
  "f_133799_": "BlockPos{x=2884608, y=810, z=1077296}"
}
[25Dec2024 00:01:09.038] [Netty Epoll Server IO #4/WARN] [com.connectivity.Connectivity/]: Packet:PooledUnsafeDirectByteBuf  id 1 data of 11 extra bytes: 
[25Dec2024 00:01:09.038] [Netty Epoll Server IO #4/WARN] [com.connectivity.Connectivity/]: Packet data:
[
  "<partial numeric data>",
  "[-63, 96, -128, 56, -41, 98, 76, 113, -5, 100, -113]"
]
[25Dec2024 00:01:09.045] [Netty Epoll Server IO #6/WARN] [com.connectivity.Connectivity/]: Packet:ServerboundBlockEntityTagQuery  id 1 larger than expected error detected, printing packet and buffer. Stacktrace gets logged after this
[25Dec2024 00:01:09.045] [Netty Epoll Server IO #6/WARN] [com.connectivity.Connectivity/]: Packet data:
{
  "f_133798_": 1,
  "f_133799_": "BlockPos{x=2884608, y=1013, z=1077296}"
}
[25Dec2024 00:01:09.045] [Netty Epoll Server IO #6/WARN] [com.connectivity.Connectivity/]: Packet:PooledUnsafeDirectByteBuf  id 1 data of 11 extra bytes: 
[25Dec2024 00:01:09.046] [Netty Epoll Server IO #6/WARN] [com.connectivity.Connectivity/]: Packet data:
[
  "<partial numeric data>",
  "[-1, 97, -78, 92, 6, 47, -72, 22, 33, -27, 19]"
]
[25Dec2024 00:01:09.053] [Netty Epoll Server IO #7/WARN] [com.connectivity.Connectivity/]: Packet:ServerboundBlockEntityTagQuery  id 1 larger than expected error detected, printing packet and buffer. Stacktrace gets logged after this
[25Dec2024 00:01:09.053] [Netty Epoll Server IO #7/WARN] [com.connectivity.Connectivity/]: Packet data:
{
  "f_133798_": 1,
  "f_133799_": "BlockPos{x=2884608, y=932, z=1077296}"
}
[25Dec2024 00:01:09.053] [Netty Epoll Server IO #7/WARN] [com.connectivity.Connectivity/]: Packet:PooledUnsafeDirectByteBuf  id 1 data of 11 extra bytes: 
[25Dec2024 00:01:09.053] [Netty Epoll Server IO #7/WARN] [com.connectivity.Connectivity/]: Packet data:
[
  "<partial numeric data>",
  "[-105, 67, 72, -19, 31, -124, -6, 89, 57, 25, 115]"
]
[25Dec2024 00:01:09.109] [Netty Epoll Server IO #2/WARN] [com.connectivity.Connectivity/]: Packet:ServerboundBlockEntityTagQuery  id 1 larger than expected error detected, printing packet and buffer. Stacktrace gets logged after this
[25Dec2024 00:01:09.110] [Netty Epoll Server IO #2/WARN] [com.connectivity.Connectivity/]: Packet data:
{
  "f_133798_": 1,
  "f_133799_": "BlockPos{x=2884608, y=882, z=1077296}"
}
[25Dec2024 00:01:09.110] [Netty Epoll Server IO #2/WARN] [com.connectivity.Connectivity/]: Packet:PooledUnsafeDirectByteBuf  id 1 data of 11 extra bytes: 
[25Dec2024 00:01:09.110] [Netty Epoll Server IO #2/WARN] [com.connectivity.Connectivity/]: Packet data:
[
  "<partial numeric data>",
  "[-61, 61, 121, -37, 75, -69, 56, -32, -91, 101, -30]"
]
[25Dec2024 00:01:09.117] [Netty Epoll Server IO #3/WARN] [com.connectivity.Connectivity/]: Packet:ServerboundBlockEntityTagQuery  id 1 larger than expected error detected, printing packet and buffer. Stacktrace gets logged after this
[25Dec2024 00:01:09.118] [Netty Epoll Server IO #3/WARN] [com.connectivity.Connectivity/]: Packet data:
{
  "f_133798_": 1,
  "f_133799_": "BlockPos{x=2884608, y=905, z=1077296}"
}
[25Dec2024 00:01:09.118] [Netty Epoll Server IO #3/WARN] [com.connectivity.Connectivity/]: Packet:PooledUnsafeDirectByteBuf  id 1 data of 11 extra bytes: 
[25Dec2024 00:01:09.118] [Netty Epoll Server IO #3/WARN] [com.connectivity.Connectivity/]: Packet data:
[
  "<partial numeric data>",
  "[41, -20, -61, -85, 10, -80, 64, -69, -109, 2, -21]"
]
[25Dec2024 00:01:09.850] [Netty Epoll Server IO #4/WARN] [com.connectivity.Connectivity/]: Packet:ServerboundBlockEntityTagQuery  id 1 larger than expected error detected, printing packet and buffer. Stacktrace gets logged after this
[25Dec2024 00:01:09.850] [Netty Epoll Server IO #4/WARN] [com.connectivity.Connectivity/]: Packet data:
{
  "f_133798_": 0,
  "f_133799_": "BlockPos{x=-7863296, y=946, z=909360}"
}
[25Dec2024 00:01:09.851] [Netty Epoll Server IO #4/WARN] [com.connectivity.Connectivity/]: Packet:PooledUnsafeDirectByteBuf  id 1 data of 11 extra bytes: 
[25Dec2024 00:01:09.851] [Netty Epoll Server IO #4/WARN] [com.connectivity.Connectivity/]: Packet data:
[
  "<partial numeric data>",
  "[22, -42, 88, 96, -76, 37, 27, -14, -95, 101, 118]"
]
[25Dec2024 00:01:11.115] [Netty Epoll Server IO #7/WARN] [com.connectivity.Connectivity/]: Packet:ServerboundBlockEntityTagQuery  id 1 larger than expected error detected, printing packet and buffer. Stacktrace gets logged after this
[25Dec2024 00:01:11.116] [Netty Epoll Server IO #2/WARN] [com.connectivity.Connectivity/]: Packet:ServerboundBlockEntityTagQuery  id 1 larger than expected error detected, printing packet and buffer. Stacktrace gets logged after this
[25Dec2024 00:01:11.116] [Netty Epoll Server IO #7/WARN] [com.connectivity.Connectivity/]: Packet data:
{
  "f_133798_": 1,
  "f_133799_": "BlockPos{x=2884608, y=899, z=1077296}"
}
[25Dec2024 00:01:11.116] [Netty Epoll Server IO #1/WARN] [com.connectivity.Connectivity/]: Packet:ServerboundBlockEntityTagQuery  id 1 larger than expected error detected, printing packet and buffer. Stacktrace gets logged after this
[25Dec2024 00:01:11.116] [Netty Epoll Server IO #2/WARN] [com.connectivity.Connectivity/]: Packet data:
{
  "f_133798_": 1,
  "f_133799_": "BlockPos{x=2884608, y=858, z=1077296}"
}
[25Dec2024 00:01:11.117] [Netty Epoll Server IO #7/WARN] [com.connectivity.Connectivity/]: Packet:PooledUnsafeDirectByteBuf  id 1 data of 11 extra bytes: 
[25Dec2024 00:01:11.117] [Netty Epoll Server IO #1/WARN] [com.connectivity.Connectivity/]: Packet data:
{
  "f_133798_": 1,
  "f_133799_": "BlockPos{x=2884608, y=873, z=1077296}"
}
[25Dec2024 00:01:11.117] [Netty Epoll Server IO #7/WARN] [com.connectivity.Connectivity/]: Packet data:
[
  "<partial numeric data>",
  "[98, -94, 76, -40, 11, -87, 69, 4, -124, -100, 21]"
]
[25Dec2024 00:01:11.117] [Netty Epoll Server IO #1/WARN] [com.connectivity.Connectivity/]: Packet:PooledUnsafeDirectByteBuf  id 1 data of 11 extra bytes: 
[25Dec2024 00:01:11.118] [Netty Epoll Server IO #1/WARN] [com.connectivity.Connectivity/]: Packet data:
[
  "<partial numeric data>",
  "[10, -33, -59, 5, 95, -28, 23, -58, 74, -78, 91]"
]
[25Dec2024 00:01:11.117] [Netty Epoll Server IO #2/WARN] [com.connectivity.Connectivity/]: Packet:PooledUnsafeDirectByteBuf  id 1 data of 11 extra bytes: 
[25Dec2024 00:01:11.118] [Netty Epoll Server IO #2/WARN] [com.connectivity.Connectivity/]: Packet data:
[
  "<partial numeric data>",
  "[78, 45, -91, 57, -43, 42, -77, -36, -2, -53, 92]"
]
[25Dec2024 00:01:11.118] [Netty Epoll Server IO #2/WARN] [com.connectivity.Connectivity/]: Network error in:packet_handler with:net.minecraft.server.network.ServerHandshakePacketListenerImpl@35432bcb
io.netty.handler.codec.DecoderException: java.io.IOException: Packet 0/1 (ServerboundBlockEntityTagQuery) was larger than I expected, found 11 bytes extra whilst reading packet 1
	at io.netty.handler.codec.ByteToMessageDecoder.callDecode(ByteToMessageDecoder.java:489) ~[netty-codec-4.1.82.Final.jar%2381!/:4.1.82.Final]
	at io.netty.handler.codec.ByteToMessageDecoder.channelInputClosed(ByteToMessageDecoder.java:416) ~[netty-codec-4.1.82.Final.jar%2381!/:4.1.82.Final]
	at io.netty.handler.codec.ByteToMessageDecoder.channelInputClosed(ByteToMessageDecoder.java:383) ~[netty-codec-4.1.82.Final.jar%2381!/:4.1.82.Final]
	at io.netty.handler.codec.ByteToMessageDecoder.channelInactive(ByteToMessageDecoder.java:366) ~[netty-codec-4.1.82.Final.jar%2381!/:4.1.82.Final]
	at io.netty.channel.AbstractChannelHandlerContext.invokeChannelInactive(AbstractChannelHandlerContext.java:262) ~[netty-transport-4.1.82.Final.jar%2385!/:4.1.82.Final]
	at io.netty.channel.AbstractChannelHandlerContext.invokeChannelInactive(AbstractChannelHandlerContext.java:248) ~[netty-transport-4.1.82.Final.jar%2385!/:4.1.82.Final]
	at io.netty.channel.AbstractChannelHandlerContext.fireChannelInactive(AbstractChannelHandlerContext.java:241) ~[netty-transport-4.1.82.Final.jar%2385!/:4.1.82.Final]
	at io.netty.handler.codec.ByteToMessageDecoder.channelInputClosed(ByteToMessageDecoder.java:401) ~[netty-codec-4.1.82.Final.jar%2381!/:4.1.82.Final]
	at io.netty.handler.codec.ByteToMessageDecoder.channelInactive(ByteToMessageDecoder.java:366) ~[netty-codec-4.1.82.Final.jar%2381!/:4.1.82.Final]
	at io.netty.channel.AbstractChannelHandlerContext.invokeChannelInactive(AbstractChannelHandlerContext.java:262) ~[netty-transport-4.1.82.Final.jar%2385!/:4.1.82.Final]
	at io.netty.channel.AbstractChannelHandlerContext.invokeChannelInactive(AbstractChannelHandlerContext.java:248) ~[netty-transport-4.1.82.Final.jar%2385!/:4.1.82.Final]
	at io.netty.channel.AbstractChannelHandlerContext.fireChannelInactive(AbstractChannelHandlerContext.java:241) ~[netty-transport-4.1.82.Final.jar%2385!/:4.1.82.Final]
	at io.netty.channel.ChannelInboundHandlerAdapter.channelInactive(ChannelInboundHandlerAdapter.java:81) ~[netty-transport-4.1.82.Final.jar%2385!/:4.1.82.Final]
	at io.netty.handler.timeout.IdleStateHandler.channelInactive(IdleStateHandler.java:277) ~[netty-handler-4.1.82.Final.jar%2383!/:4.1.82.Final]
	at io.netty.channel.AbstractChannelHandlerContext.invokeChannelInactive(AbstractChannelHandlerContext.java:262) ~[netty-transport-4.1.82.Final.jar%2385!/:4.1.82.Final]
	at io.netty.channel.AbstractChannelHandlerContext.invokeChannelInactive(AbstractChannelHandlerContext.java:248) ~[netty-transport-4.1.82.Final.jar%2385!/:4.1.82.Final]
	at io.netty.channel.AbstractChannelHandlerContext.fireChannelInactive(AbstractChannelHandlerContext.java:241) ~[netty-transport-4.1.82.Final.jar%2385!/:4.1.82.Final]
	at io.netty.channel.DefaultChannelPipeline$HeadContext.channelInactive(DefaultChannelPipeline.java:1405) ~[netty-transport-4.1.82.Final.jar%2385!/:4.1.82.Final]
	at io.netty.channel.AbstractChannelHandlerContext.invokeChannelInactive(AbstractChannelHandlerContext.java:262) ~[netty-transport-4.1.82.Final.jar%2385!/:4.1.82.Final]
	at io.netty.channel.AbstractChannelHandlerContext.invokeChannelInactive(AbstractChannelHandlerContext.java:248) ~[netty-transport-4.1.82.Final.jar%2385!/:4.1.82.Final]
	at io.netty.channel.DefaultChannelPipeline.fireChannelInactive(DefaultChannelPipeline.java:901) ~[netty-transport-4.1.82.Final.jar%2385!/:4.1.82.Final]
	at io.netty.channel.AbstractChannel$AbstractUnsafe$7.run(AbstractChannel.java:813) ~[netty-transport-4.1.82.Final.jar%2385!/:4.1.82.Final]
	at io.netty.util.concurrent.AbstractEventExecutor.runTask(AbstractEventExecutor.java:174) ~[netty-common-4.1.82.Final.jar%2382!/:4.1.82.Final]
	at io.netty.util.concurrent.AbstractEventExecutor.safeExecute(AbstractEventExecutor.java:167) ~[netty-common-4.1.82.Final.jar%2382!/:4.1.82.Final]
	at io.netty.util.concurrent.SingleThreadEventExecutor.runAllTasks(SingleThreadEventExecutor.java:470) ~[netty-common-4.1.82.Final.jar%2382!/:4.1.82.Final]
	at io.netty.channel.epoll.EpollEventLoop.run(EpollEventLoop.java:403) ~[netty-transport-classes-epoll-4.1.82.Final.jar%2386!/:4.1.82.Final]
	at io.netty.util.concurrent.SingleThreadEventExecutor$4.run(SingleThreadEventExecutor.java:997) ~[netty-common-4.1.82.Final.jar%2382!/:4.1.82.Final]
	at io.netty.util.internal.ThreadExecutorMap$2.run(ThreadExecutorMap.java:74) ~[netty-common-4.1.82.Final.jar%2382!/:4.1.82.Final]
	at java.lang.Thread.run(Thread.java:1583) ~[?:?]
Caused by: java.io.IOException: Packet 0/1 (ServerboundBlockEntityTagQuery) was larger than I expected, found 11 bytes extra whilst reading packet 1
	at net.minecraft.network.PacketDecoder.handler$zzm000$onDecode(PacketDecoder.java:560) ~[server-1.20.1-20230612.114412-srg.jar%23321!/:?]
	at net.minecraft.network.PacketDecoder.decode(PacketDecoder.java:47) ~[server-1.20.1-20230612.114412-srg.jar%23321!/:?]
	at io.netty.handler.codec.ByteToMessageDecoder.decodeRemovalReentryProtection(ByteToMessageDecoder.java:519) ~[netty-codec-4.1.82.Final.jar%2381!/:4.1.82.Final]
	at io.netty.handler.codec.ByteToMessageDecoder.callDecode(ByteToMessageDecoder.java:458) ~[netty-codec-4.1.82.Final.jar%2381!/:4.1.82.Final]
	... 28 more
[25Dec2024 00:01:11.118] [Netty Epoll Server IO #0/WARN] [com.connectivity.Connectivity/]: Decoding error for packet:unknown
java.lang.IndexOutOfBoundsException: Index 3 out of bounds for length 1
	at jdk.internal.util.Preconditions.outOfBounds(Preconditions.java:100) ~[?:?]
	at jdk.internal.util.Preconditions.outOfBoundsCheckIndex(Preconditions.java:106) ~[?:?]
	at jdk.internal.util.Preconditions.checkIndex(Preconditions.java:302) ~[?:?]
	at java.util.Objects.checkIndex(Objects.java:385) ~[?:?]
	at java.util.ArrayList.get(ArrayList.java:427) ~[?:?]
	at net.minecraft.network.ConnectionProtocol$PacketSet.m_178327_(ConnectionProtocol.java:458) ~[server-1.20.1-20230612.114412-srg.jar%23321!/:?]
	at net.minecraft.network.ConnectionProtocol.m_178321_(ConnectionProtocol.java:522) ~[server-1.20.1-20230612.114412-srg.jar%23321!/:?]
	at net.minecraft.network.PacketDecoder.redirect$zzm000$checkDecodingError(PacketDecoder.java:568) ~[server-1.20.1-20230612.114412-srg.jar%23321!/:?]
	at net.minecraft.network.PacketDecoder.decode(PacketDecoder.java:32) ~[server-1.20.1-20230612.114412-srg.jar%23321!/:?]
	at io.netty.handler.codec.ByteToMessageDecoder.decodeRemovalReentryProtection(ByteToMessageDecoder.java:519) ~[netty-codec-4.1.82.Final.jar%2381!/:4.1.82.Final]
	at io.netty.handler.codec.ByteToMessageDecoder.callDecode(ByteToMessageDecoder.java:458) ~[netty-codec-4.1.82.Final.jar%2381!/:4.1.82.Final]
	at io.netty.handler.codec.ByteToMessageDecoder.channelRead(ByteToMessageDecoder.java:280) ~[netty-codec-4.1.82.Final.jar%2381!/:4.1.82.Final]
	at io.netty.channel.AbstractChannelHandlerContext.invokeChannelRead(AbstractChannelHandlerContext.java:379) ~[netty-transport-4.1.82.Final.jar%2385!/:4.1.82.Final]
	at io.netty.channel.AbstractChannelHandlerContext.invokeChannelRead(AbstractChannelHandlerContext.java:365) ~[netty-transport-4.1.82.Final.jar%2385!/:4.1.82.Final]
	at io.netty.channel.AbstractChannelHandlerContext.fireChannelRead(AbstractChannelHandlerContext.java:357) ~[netty-transport-4.1.82.Final.jar%2385!/:4.1.82.Final]
	at io.netty.handler.codec.ByteToMessageDecoder.fireChannelRead(ByteToMessageDecoder.java:336) ~[netty-codec-4.1.82.Final.jar%2381!/:4.1.82.Final]
	at io.netty.handler.codec.ByteToMessageDecoder.fireChannelRead(ByteToMessageDecoder.java:323) ~[netty-codec-4.1.82.Final.jar%2381!/:4.1.82.Final]
	at io.netty.handler.codec.ByteToMessageDecoder.callDecode(ByteToMessageDecoder.java:444) ~[netty-codec-4.1.82.Final.jar%2381!/:4.1.82.Final]
	at io.netty.handler.codec.ByteToMessageDecoder.channelRead(ByteToMessageDecoder.java:280) ~[netty-codec-4.1.82.Final.jar%2381!/:4.1.82.Final]
	at io.netty.channel.AbstractChannelHandlerContext.invokeChannelRead(AbstractChannelHandlerContext.java:379) ~[netty-transport-4.1.82.Final.jar%2385!/:4.1.82.Final]
	at io.netty.channel.AbstractChannelHandlerContext.invokeChannelRead(AbstractChannelHandlerContext.java:365) ~[netty-transport-4.1.82.Final.jar%2385!/:4.1.82.Final]
	at io.netty.channel.AbstractChannelHandlerContext.fireChannelRead(AbstractChannelHandlerContext.java:357) ~[netty-transport-4.1.82.Final.jar%2385!/:4.1.82.Final]
	at net.minecraft.server.network.LegacyQueryHandler.channelRead(LegacyQueryHandler.java:95) ~[server-1.20.1-20230612.114412-srg.jar%23321!/:?]
	at io.netty.channel.AbstractChannelHandlerContext.invokeChannelRead(AbstractChannelHandlerContext.java:379) ~[netty-transport-4.1.82.Final.jar%2385!/:4.1.82.Final]
	at io.netty.channel.AbstractChannelHandlerContext.invokeChannelRead(AbstractChannelHandlerContext.java:365) ~[netty-transport-4.1.82.Final.jar%2385!/:4.1.82.Final]
	at io.netty.channel.AbstractChannelHandlerContext.fireChannelRead(AbstractChannelHandlerContext.java:357) ~[netty-transport-4.1.82.Final.jar%2385!/:4.1.82.Final]
	at io.netty.handler.timeout.IdleStateHandler.channelRead(IdleStateHandler.java:286) ~[netty-handler-4.1.82.Final.jar%2383!/:4.1.82.Final]
	at io.netty.channel.AbstractChannelHandlerContext.invokeChannelRead(AbstractChannelHandlerContext.java:379) ~[netty-transport-4.1.82.Final.jar%2385!/:4.1.82.Final]
	at io.netty.channel.AbstractChannelHandlerContext.invokeChannelRead(AbstractChannelHandlerContext.java:365) ~[netty-transport-4.1.82.Final.jar%2385!/:4.1.82.Final]
	at io.netty.channel.AbstractChannelHandlerContext.fireChannelRead(AbstractChannelHandlerContext.java:357) ~[netty-transport-4.1.82.Final.jar%2385!/:4.1.82.Final]
	at io.netty.channel.DefaultChannelPipeline$HeadContext.channelRead(DefaultChannelPipeline.java:1410) ~[netty-transport-4.1.82.Final.jar%2385!/:4.1.82.Final]
	at io.netty.channel.AbstractChannelHandlerContext.invokeChannelRead(AbstractChannelHandlerContext.java:379) ~[netty-transport-4.1.82.Final.jar%2385!/:4.1.82.Final]
	at io.netty.channel.AbstractChannelHandlerContext.invokeChannelRead(AbstractChannelHandlerContext.java:365) ~[netty-transport-4.1.82.Final.jar%2385!/:4.1.82.Final]
	at io.netty.channel.DefaultChannelPipeline.fireChannelRead(DefaultChannelPipeline.java:919) ~[netty-transport-4.1.82.Final.jar%2385!/:4.1.82.Final]
	at io.netty.channel.epoll.AbstractEpollStreamChannel$EpollStreamUnsafe.epollInReady(AbstractEpollStreamChannel.java:800) ~[netty-transport-classes-epoll-4.1.82.Final.jar%2386!/:4.1.82.Final]
	at io.netty.channel.epoll.EpollEventLoop.processReady(EpollEventLoop.java:499) ~[netty-transport-classes-epoll-4.1.82.Final.jar%2386!/:4.1.82.Final]
	at io.netty.channel.epoll.EpollEventLoop.run(EpollEventLoop.java:397) ~[netty-transport-classes-epoll-4.1.82.Final.jar%2386!/:4.1.82.Final]
	at io.netty.util.concurrent.SingleThreadEventExecutor$4.run(SingleThreadEventExecutor.java:997) ~[netty-common-4.1.82.Final.jar%2382!/:4.1.82.Final]
	at io.netty.util.internal.ThreadExecutorMap$2.run(ThreadExecutorMap.java:74) ~[netty-common-4.1.82.Final.jar%2382!/:4.1.82.Final]
	at java.lang.Thread.run(Thread.java:1583) ~[?:?]
[25Dec2024 00:01:11.121] [Netty Epoll Server IO #0/WARN] [com.connectivity.Connectivity/]: <------ Packet Data Export: ------>
[25Dec2024 00:01:11.122] [Netty Epoll Server IO #0/WARN] [com.connectivity.Connectivity/]: Packet:FriendlyByteBuf 
[25Dec2024 00:01:11.123] [Netty Epoll Server IO #0/WARN] [com.connectivity.Connectivity/]: Packet data:
[
  "<partial numeric data>",
  "[3, 1, 1, 11, 1, 0, 1, 7, 3, 3, 18, -11, 12, 31, -19, 92, -120, 95, 114, 117, -91, -108]"
]
[25Dec2024 00:01:11.123] [Netty Epoll Server IO #0/WARN] [com.connectivity.Connectivity/]: <------ Packet Data Export End: ------>
[25Dec2024 00:01:11.118] [Netty Epoll Server IO #1/WARN] [com.connectivity.Connectivity/]: Network error in:packet_handler with:net.minecraft.server.network.ServerHandshakePacketListenerImpl@62e450fd
io.netty.handler.codec.DecoderException: java.io.IOException: Packet 0/1 (ServerboundBlockEntityTagQuery) was larger than I expected, found 11 bytes extra whilst reading packet 1
	at io.netty.handler.codec.ByteToMessageDecoder.callDecode(ByteToMessageDecoder.java:489) ~[netty-codec-4.1.82.Final.jar%2381!/:4.1.82.Final]
	at io.netty.handler.codec.ByteToMessageDecoder.channelInputClosed(ByteToMessageDecoder.java:416) ~[netty-codec-4.1.82.Final.jar%2381!/:4.1.82.Final]
	at io.netty.handler.codec.ByteToMessageDecoder.channelInputClosed(ByteToMessageDecoder.java:383) ~[netty-codec-4.1.82.Final.jar%2381!/:4.1.82.Final]
	at io.netty.handler.codec.ByteToMessageDecoder.channelInactive(ByteToMessageDecoder.java:366) ~[netty-codec-4.1.82.Final.jar%2381!/:4.1.82.Final]
	at io.netty.channel.AbstractChannelHandlerContext.invokeChannelInactive(AbstractChannelHandlerContext.java:262) ~[netty-transport-4.1.82.Final.jar%2385!/:4.1.82.Final]
	at io.netty.channel.AbstractChannelHandlerContext.invokeChannelInactive(AbstractChannelHandlerContext.java:248) ~[netty-transport-4.1.82.Final.jar%2385!/:4.1.82.Final]
	at io.netty.channel.AbstractChannelHandlerContext.fireChannelInactive(AbstractChannelHandlerContext.java:241) ~[netty-transport-4.1.82.Final.jar%2385!/:4.1.82.Final]
	at io.netty.handler.codec.ByteToMessageDecoder.channelInputClosed(ByteToMessageDecoder.java:401) ~[netty-codec-4.1.82.Final.jar%2381!/:4.1.82.Final]
	at io.netty.handler.codec.ByteToMessageDecoder.channelInactive(ByteToMessageDecoder.java:366) ~[netty-codec-4.1.82.Final.jar%2381!/:4.1.82.Final]
	at io.netty.channel.AbstractChannelHandlerContext.invokeChannelInactive(AbstractChannelHandlerContext.java:262) ~[netty-transport-4.1.82.Final.jar%2385!/:4.1.82.Final]
	at io.netty.channel.AbstractChannelHandlerContext.invokeChannelInactive(AbstractChannelHandlerContext.java:248) ~[netty-transport-4.1.82.Final.jar%2385!/:4.1.82.Final]
	at io.netty.channel.AbstractChannelHandlerContext.fireChannelInactive(AbstractChannelHandlerContext.java:241) ~[netty-transport-4.1.82.Final.jar%2385!/:4.1.82.Final]
	at io.netty.channel.ChannelInboundHandlerAdapter.channelInactive(ChannelInboundHandlerAdapter.java:81) ~[netty-transport-4.1.82.Final.jar%2385!/:4.1.82.Final]
	at io.netty.handler.timeout.IdleStateHandler.channelInactive(IdleStateHandler.java:277) ~[netty-handler-4.1.82.Final.jar%2383!/:4.1.82.Final]
	at io.netty.channel.AbstractChannelHandlerContext.invokeChannelInactive(AbstractChannelHandlerContext.java:262) ~[netty-transport-4.1.82.Final.jar%2385!/:4.1.82.Final]
	at io.netty.channel.AbstractChannelHandlerContext.invokeChannelInactive(AbstractChannelHandlerContext.java:248) ~[netty-transport-4.1.82.Final.jar%2385!/:4.1.82.Final]
	at io.netty.channel.AbstractChannelHandlerContext.fireChannelInactive(AbstractChannelHandlerContext.java:241) ~[netty-transport-4.1.82.Final.jar%2385!/:4.1.82.Final]
	at io.netty.channel.DefaultChannelPipeline$HeadContext.channelInactive(DefaultChannelPipeline.java:1405) ~[netty-transport-4.1.82.Final.jar%2385!/:4.1.82.Final]
	at io.netty.channel.AbstractChannelHandlerContext.invokeChannelInactive(AbstractChannelHandlerContext.java:262) ~[netty-transport-4.1.82.Final.jar%2385!/:4.1.82.Final]
	at io.netty.channel.AbstractChannelHandlerContext.invokeChannelInactive(AbstractChannelHandlerContext.java:248) ~[netty-transport-4.1.82.Final.jar%2385!/:4.1.82.Final]
	at io.netty.channel.DefaultChannelPipeline.fireChannelInactive(DefaultChannelPipeline.java:901) ~[netty-transport-4.1.82.Final.jar%2385!/:4.1.82.Final]
	at io.netty.channel.AbstractChannel$AbstractUnsafe$7.run(AbstractChannel.java:813) ~[netty-transport-4.1.82.Final.jar%2385!/:4.1.82.Final]
	at io.netty.util.concurrent.AbstractEventExecutor.runTask(AbstractEventExecutor.java:174) ~[netty-common-4.1.82.Final.jar%2382!/:4.1.82.Final]
	at io.netty.util.concurrent.AbstractEventExecutor.safeExecute(AbstractEventExecutor.java:167) ~[netty-common-4.1.82.Final.jar%2382!/:4.1.82.Final]
	at io.netty.util.concurrent.SingleThreadEventExecutor.runAllTasks(SingleThreadEventExecutor.java:470) ~[netty-common-4.1.82.Final.jar%2382!/:4.1.82.Final]
	at io.netty.channel.epoll.EpollEventLoop.run(EpollEventLoop.java:403) ~[netty-transport-classes-epoll-4.1.82.Final.jar%2386!/:4.1.82.Final]
	at io.netty.util.concurrent.SingleThreadEventExecutor$4.run(SingleThreadEventExecutor.java:997) ~[netty-common-4.1.82.Final.jar%2382!/:4.1.82.Final]
	at io.netty.util.internal.ThreadExecutorMap$2.run(ThreadExecutorMap.java:74) ~[netty-common-4.1.82.Final.jar%2382!/:4.1.82.Final]
	at java.lang.Thread.run(Thread.java:1583) ~[?:?]
Caused by: java.io.IOException: Packet 0/1 (ServerboundBlockEntityTagQuery) was larger than I expected, found 11 bytes extra whilst reading packet 1
	at net.minecraft.network.PacketDecoder.handler$zzm000$onDecode(PacketDecoder.java:560) ~[server-1.20.1-20230612.114412-srg.jar%23321!/:?]
	at net.minecraft.network.PacketDecoder.decode(PacketDecoder.java:47) ~[server-1.20.1-20230612.114412-srg.jar%23321!/:?]
	at io.netty.handler.codec.ByteToMessageDecoder.decodeRemovalReentryProtection(ByteToMessageDecoder.java:519) ~[netty-codec-4.1.82.Final.jar%2381!/:4.1.82.Final]
	at io.netty.handler.codec.ByteToMessageDecoder.callDecode(ByteToMessageDecoder.java:458) ~[netty-codec-4.1.82.Final.jar%2381!/:4.1.82.Final]
	... 28 more
[25Dec2024 00:01:11.124] [Netty Epoll Server IO #0/WARN] [com.connectivity.Connectivity/]: Packet:ServerboundBlockEntityTagQuery  id 1 larger than expected error detected, printing packet and buffer. Stacktrace gets logged after this
[25Dec2024 00:01:11.124] [Netty Epoll Server IO #0/WARN] [com.connectivity.Connectivity/]: Packet data:
{
  "f_133798_": 1,
  "f_133799_": "BlockPos{x=2884608, y=786, z=1077296}"
}
[25Dec2024 00:01:11.124] [Netty Epoll Server IO #0/WARN] [com.connectivity.Connectivity/]: Packet:PooledUnsafeDirectByteBuf  id 1 data of 11 extra bytes: 
[25Dec2024 00:01:11.124] [Netty Epoll Server IO #0/WARN] [com.connectivity.Connectivity/]: Packet data:
[
  "<partial numeric data>",
  "[-11, 12, 31, -19, 92, -120, 95, 114, 117, -91, -108]"
]
[25Dec2024 00:01:11.185] [Netty Epoll Server IO #6/WARN] [com.connectivity.Connectivity/]: Packet:ServerboundBlockEntityTagQuery  id 1 larger than expected error detected, printing packet and buffer. Stacktrace gets logged after this
[25Dec2024 00:01:11.185] [Netty Epoll Server IO #6/WARN] [com.connectivity.Connectivity/]: Packet data:
{
  "f_133798_": 1,
  "f_133799_": "BlockPos{x=2884608, y=886, z=1077296}"
}
[25Dec2024 00:01:11.186] [Netty Epoll Server IO #6/WARN] [com.connectivity.Connectivity/]: Packet:PooledUnsafeDirectByteBuf  id 1 data of 11 extra bytes: 
[25Dec2024 00:01:11.186] [Netty Epoll Server IO #6/WARN] [com.connectivity.Connectivity/]: Packet data:
[
  "<partial numeric data>",
  "[99, -6, -6, 76, 49, 10, 115, -61, -79, -74, -32]"
]
[25Dec2024 00:01:11.325] [Netty Epoll Server IO #3/WARN] [com.connectivity.Connectivity/]: Packet:ServerboundBlockEntityTagQuery  id 1 larger than expected error detected, printing packet and buffer. Stacktrace gets logged after this
[25Dec2024 00:01:11.326] [Netty Epoll Server IO #3/WARN] [com.connectivity.Connectivity/]: Packet data:
{
  "f_133798_": 0,
  "f_133799_": "BlockPos{x=-11009024, y=1002, z=860208}"
}
[25Dec2024 00:01:11.326] [Netty Epoll Server IO #3/WARN] [com.connectivity.Connectivity/]: Packet:PooledUnsafeDirectByteBuf  id 1 data of 11 extra bytes: 
[25Dec2024 00:01:11.326] [Netty Epoll Server IO #3/WARN] [com.connectivity.Connectivity/]: Packet data:
[
  "<partial numeric data>",
  "[-19, -114, 31, -73, 10, -128, 54, 81, 14, -87, 58]"
]
[25Dec2024 00:01:28.513] [Server thread/INFO] [net.minecraft.server.MinecraftServer/]: [ElFaxx: Teleported ElFaxx to -912.500000, 161.500000, -2507.500000]
[25Dec2024 00:05:57.481] [Server thread/INFO] [net.minecraft.server.MinecraftServer/]: [ElFaxx: Teleported ElFaxx to -1244.500000, 66.500000, -2543.500000]
[25Dec2024 00:06:10.180] [Server thread/INFO] [net.minecraft.server.MinecraftServer/]: [ElFaxx: Teleported ElFaxx to -1513.500000, 0.500000, -1942.500000]
[25Dec2024 00:06:31.710] [Server thread/INFO] [net.minecraft.server.MinecraftServer/]: [ElFaxx: Teleported ElFaxx to -1474.500000, -2.500000, -1779.500000]
[25Dec2024 00:06:47.812] [Server thread/INFO] [net.minecraft.server.MinecraftServer/]: [ElFaxx: Teleported ElFaxx to -1807.500000, -13.500000, -2137.500000]
[25Dec2024 00:06:54.041] [Server thread/WARN] [net.minecraft.server.network.ServerGamePacketListenerImpl/]: ElFaxx moved wrongly!
[25Dec2024 00:06:58.563] [Server thread/WARN] [net.minecraft.server.network.ServerGamePacketListenerImpl/]: ElFaxx moved wrongly!
[25Dec2024 00:07:15.840] [Server thread/WARN] [net.minecraft.server.network.ServerGamePacketListenerImpl/]: ElFaxx moved wrongly!
[25Dec2024 00:08:04.047] [Server thread/INFO] [net.minecraft.server.MinecraftServer/]: [ElFaxx: Teleported ElFaxx to -1962.500000, -17.500000, -2204.500000]
[25Dec2024 00:08:04.562] [Server thread/INFO] [com.teampotato.redirector.Redirector/]: Redirecting net/minecraft/world/entity/animal/frog/ShootTongue$State
[25Dec2024 00:08:17.437] [Server thread/WARN] [net.minecraft.server.network.ServerGamePacketListenerImpl/]: ElFaxx moved wrongly!
[25Dec2024 00:09:22.308] [Server thread/WARN] [net.minecraft.server.network.ServerGamePacketListenerImpl/]: ElFaxx moved wrongly!
[25Dec2024 00:09:49.841] [Server thread/WARN] [net.minecraft.server.network.ServerGamePacketListenerImpl/]: ElFaxx moved wrongly!
[25Dec2024 00:10:20.088] [Server thread/INFO] [net.minecraft.server.MinecraftServer/]: ElFaxx has made the advancement [Take Aim]
[25Dec2024 00:10:39.840] [Server thread/INFO] [com.teampotato.redirector.Redirector/]: Redirecting net/blay09/mods/waystones/core/WaystoneEditPermissions
[25Dec2024 00:13:18.060] [Server thread/INFO] [net.minecraft.server.MinecraftServer/]: [ElFaxx: Teleported ElFaxx to -1250.500000, -13.500000, -2179.500000]
[25Dec2024 00:13:27.359] [Server thread/INFO] [net.minecraft.server.MinecraftServer/]: [ElFaxx: Teleported ElFaxx to -1303.500000, -6.500000, -2358.500000]
[25Dec2024 00:13:29.186] [Server thread/INFO] [net.minecraft.server.network.ServerGamePacketListenerImpl/]: innoww lost connection: Disconnected
[25Dec2024 00:13:29.186] [Server thread/INFO] [net.minecraft.server.MinecraftServer/]: innoww left the game
[25Dec2024 00:13:35.608] [Server thread/INFO] [net.minecraft.server.MinecraftServer/]: [ElFaxx: Teleported ElFaxx to -718.500000, -14.500000, -2493.500000]
[25Dec2024 00:13:49.571] [Server thread/INFO] [net.minecraft.server.MinecraftServer/]: [ElFaxx: Teleported ElFaxx to -464.500000, -48.500000, -2656.500000]
[25Dec2024 00:15:05.888] [Server thread/INFO] [net.minecraft.server.MinecraftServer/]: [ElFaxx: Teleported ElFaxx to -1307.500000, -6.500000, -2359.500000]
[25Dec2024 00:15:25.406] [Server thread/INFO] [net.minecraft.server.MinecraftServer/]: [ElFaxx: Teleported ElFaxx to -1964.500000, -16.500000, -2201.500000]
[25Dec2024 00:15:39.703] [Server thread/INFO] [net.minecraft.server.MinecraftServer/]: [ElFaxx: Teleported ElFaxx to -1468.500000, 1.500000, -1764.500000]
[25Dec2024 00:16:03.433] [Server thread/INFO] [net.minecraft.server.network.ServerGamePacketListenerImpl/]: Zorbannnn lost connection: Disconnected
[25Dec2024 00:16:03.434] [Server thread/INFO] [net.minecraft.server.MinecraftServer/]: Zorbannnn left the game
[25Dec2024 00:17:06.105] [Server thread/INFO] [net.minecraft.server.MinecraftServer/]: [ElFaxx: Gave 64 [Lightning Dragon Blood] to ElFaxx]
[25Dec2024 00:17:49.750] [Server thread/INFO] [net.minecraft.server.MinecraftServer/]: [ElFaxx: Gave 1 [Dragonforge Lightning Aperture] to ElFaxx]
[25Dec2024 00:18:00.488] [Server thread/INFO] [net.minecraft.server.MinecraftServer/]: [ElFaxx: Set own game mode to Creative Mode]
[25Dec2024 00:20:31.427] [Server thread/INFO] [net.minecraft.server.MinecraftServer/]: [ElFaxx: Gave 1 [Dragonforge Lightning Core] to ElFaxx]
[25Dec2024 00:20:46.979] [Server thread/INFO] [net.minecraft.server.MinecraftServer/]: [ElFaxx: Set own game mode to Survival Mode]
[25Dec2024 00:20:51.154] [Server thread/INFO] [net.minecraft.server.MinecraftServer/]: [ElFaxx: Teleported ElFaxx to -911.500000, 162.500000, -2482.500000]
[25Dec2024 00:21:14.876] [Server thread/INFO] [net.minecraft.server.network.ServerGamePacketListenerImpl/]: ElFaxx lost connection: Disconnected
[25Dec2024 00:21:14.876] [Server thread/INFO] [net.minecraft.server.MinecraftServer/]: ElFaxx left the game
[25Dec2024 00:21:32.022] [Server thread/INFO] [net.minecraft.server.MinecraftServer/]: Stopping the server
[25Dec2024 00:21:32.078] [Server thread/INFO] [net.minecraft.server.MinecraftServer/]: Stopping server
[25Dec2024 00:21:32.080] [Server thread/INFO] [net.minecraft.server.MinecraftServer/]: Saving players
[25Dec2024 00:21:32.080] [Server thread/INFO] [net.minecraft.server.MinecraftServer/]: Saving worlds
[25Dec2024 00:21:32.147] [Server thread/INFO] [net.minecraft.server.MinecraftServer/]: Saving chunks for level 'ServerLevel[world]'/minecraft:overworld
[25Dec2024 00:21:32.268] [Server thread/INFO] [net.minecraft.server.MinecraftServer/]: Saving chunks for level 'ServerLevel[world]'/minecraft:the_end
[25Dec2024 00:21:32.268] [Server thread/INFO] [net.minecraft.server.MinecraftServer/]: Saving chunks for level 'ServerLevel[world]'/twilightforest:twilight_forest
[25Dec2024 00:21:32.269] [Server thread/INFO] [net.minecraft.server.MinecraftServer/]: Saving chunks for level 'ServerLevel[world]'/minecraft:the_nether
[25Dec2024 00:21:32.314] [Server thread/INFO] [net.minecraft.server.MinecraftServer/]: ThreadedAnvilChunkStorage (world): All chunks are saved
[25Dec2024 00:21:32.314] [Server thread/INFO] [net.minecraft.server.MinecraftServer/]: ThreadedAnvilChunkStorage (DIM1): All chunks are saved
[25Dec2024 00:21:32.314] [Server thread/INFO] [net.minecraft.server.MinecraftServer/]: ThreadedAnvilChunkStorage (twilight_forest): All chunks are saved
[25Dec2024 00:21:32.314] [Server thread/INFO] [net.minecraft.server.MinecraftServer/]: ThreadedAnvilChunkStorage (DIM-1): All chunks are saved
[25Dec2024 00:21:32.314] [Server thread/INFO] [net.minecraft.server.MinecraftServer/]: ThreadedAnvilChunkStorage: All dimensions are saved
